<testsuites id="" name="" tests="3" failures="0" skipped="0" errors="0" time="32.596741">
<testsuite name="search-validation.spec.js" timestamp="2025-11-06T04:25:03.466Z" hostname="validation-chromium" tests="3" failures="0" skipped="0" time="30.571" errors="0">
<testcase name="Automated Search Testing Suite › Automated Test Case 1: Valletta" classname="search-validation.spec.js" time="10.858">
<system-out>
<![CDATA[🔧 Setting up test...
🌐 Navigating to search engine...
✅ Successfully navigated to: https://www.google.com
📸 Capturing initial state...
📸 Evidence captured: evidence/initial_state_2025-11-06T04-25-08-896Z.png
✅ Setup complete

🚀 Initiating automated test for: "Valletta"
🤖 Phase 1: Executing automated search...
🔍 Executing search for: "Valletta"
✅ Search completed for: "Valletta"
📸 Phase 2: Capturing test evidence...
📸 Evidence captured: evidence/test_results_Valletta_2025-11-06T04-25-13-203Z.png
� Phase 3: Executing result validation...
✅ Keyword found: "Malta"
✅ Keyword found: "capital"
✅ Keyword found: "city"
✅ Keyword found: "UNESCO"
✅ Keyword found: "heritage"
📊 Validation Summary: 5/5 keywords found
� Phase 4: Analyzing extracted data...
📋 Extracted 10 result entries
🎯 Phase 5: Running automated assertions...
✅ Validation completed successfully in 6477ms
📈 Results: 13 found, Keywords: 5
]]>
</system-out>
</testcase>
<testcase name="Automated Search Testing Suite › Automated Test Case 2: The Multiple" classname="search-validation.spec.js" time="10.624">
<system-out>
<![CDATA[🔧 Setting up test...
🌐 Navigating to search engine...
✅ Successfully navigated to: https://www.google.com
📸 Capturing initial state...
📸 Evidence captured: evidence/initial_state_2025-11-06T04-25-19-547Z.png
✅ Setup complete

🚀 Initiating automated test for: "The Multiple"
🤖 Phase 1: Executing automated search...
🔍 Executing search for: "The Multiple"
✅ Search completed for: "The Multiple"
📸 Phase 2: Capturing test evidence...
📸 Evidence captured: evidence/test_results_The_Multiple_2025-11-06T04-25-23-271Z.png
� Phase 3: Executing result validation...
✅ Keyword found: "Malta"
✅ Keyword found: "events"
✅ Keyword found: "center"
📊 Validation Summary: 3/3 keywords found
� Phase 4: Analyzing extracted data...
📋 Extracted 10 result entries
🎯 Phase 5: Running automated assertions...
✅ Validation completed successfully in 6576ms
📈 Results: 11 found, Keywords: 3
]]>
</system-out>
</testcase>
<testcase name="Automated Search Testing Suite › Automated Test Case 3: Ftira" classname="search-validation.spec.js" time="9.089">
<system-out>
<![CDATA[🔧 Setting up test...
🌐 Navigating to search engine...
✅ Successfully navigated to: https://www.google.com
📸 Capturing initial state...
📸 Evidence captured: evidence/initial_state_2025-11-06T04-25-30-174Z.png
✅ Setup complete

🚀 Initiating automated test for: "Ftira"
🤖 Phase 1: Executing automated search...
🔍 Executing search for: "Ftira"
✅ Search completed for: "Ftira"
📸 Phase 2: Capturing test evidence...
📸 Evidence captured: evidence/test_results_Ftira_2025-11-06T04-25-33-972Z.png
� Phase 3: Executing result validation...
✅ Keyword found: "Maltese"
✅ Keyword found: "bread"
✅ Keyword found: "traditional"
✅ Keyword found: "food"
📊 Validation Summary: 4/4 keywords found
� Phase 4: Analyzing extracted data...
📋 Extracted 9 result entries
🎯 Phase 5: Running automated assertions...
✅ Validation completed successfully in 5107ms
📈 Results: 9 found, Keywords: 4
]]>
</system-out>
</testcase>
</testsuite>
</testsuites>